<?xml version="1.0" encoding="UTF-8"?>
<testsuite xmlns:xsi="http://www.w3.org/2001/XMLSchema-instance" xsi:noNamespaceSchemaLocation="https://maven.apache.org/surefire/maven-surefire-plugin/xsd/surefire-test-report-3.0.xsd" version="3.0" name="com.piotrschreiner.automation.tests.GreetingApiTest" time="0.984" tests="5" errors="0" skipped="0" failures="0">
  <properties>
[...]
</properties>
  <testcase name="testGetNonExistentPath" classname="com.piotrschreiner.automation.tests.GreetingApiTest" time="0.591"/>
  <testcase name="testResponseSchemaContract" classname="com.piotrschreiner.automation.tests.GreetingApiTest" time="0.158"/>
  <testcase name="testGetDefaultGreeting" classname="com.piotrschreiner.automation.tests.GreetingApiTest" time="0.018"/>
  <testcase name="testMethodNotAllowedForPost" classname="com.piotrschreiner.automation.tests.GreetingApiTest" time="0.015"/>
  <testcase name="testGetGreetingWithNameParameter" classname="com.piotrschreiner.automation.tests.GreetingApiTest" time="0.014"/>
</testsuite>